%!Adobe-FontList 1.23
%Locale:0x409

%BeginFont
Handler:DirectoryHandler
FontType:TrueType
FontName:Montserrat-Bold
FamilyName:Montserrat
StyleName:Bold
FullName:Montserrat-Bold
MenuName:Montserrat
StyleBits:2
WritingScript:Roman
OutlineFileName:C:\Users\Shehan Chamudith\Desktop\Blog\Font\Montserrat-Bold.ttf
DataFormat:sfntData
hasSVG:no
VariableFontType:NonVariableFont
FileLength:29560
FileModTime:1362296572
WeightClass:700
WidthClass:5
AngleClass:0
NameArray:0,Mac,4,Montserrat-Bold
NameArray:0,Win,1,Montserrat
%EndFont

%BeginFont
Handler:DirectoryHandler
FontType:TrueType
FontName:Poppins-Regular
FamilyName:Poppins
StyleName:Regular
FullName:Poppins Regular
MenuName:Poppins
StyleBits:0
WritingScript:Roman
OutlineFileName:C:\Users\Shehan Chamudith\Desktop\Blog\Font\Poppins-Regular.ttf
DataFormat:sfntData
hasSVG:no
VariableFontType:NonVariableFont
FileLength:158240
FileModTime:1663824430
WeightClass:400
WidthClass:5
AngleClass:0
NameArray:0,Win,1,Poppins
%EndFont

